<?xml version="1.0" encoding="UTF-8"?>
<!-- Generated by org.testng.reporters.JUnitReportReporter -->
<testsuite hostname="LAPTOP-ECF10TJE" failures="0" tests="1" name="testCases.TC_001_LoginTest" time="6.656" errors="0" timestamp="2023-02-06T12:27:47 IST" skipped="0">
  <testcase classname="testCases.TC_001_LoginTest" name="test_Login" time="6.656"/>
  <system-out/>
</testsuite> <!-- testCases.TC_001_LoginTest -->
