<?xml version="1.0" encoding="UTF-8"?>
<!-- Generated by org.testng.reporters.JUnitReportReporter -->
<testsuite hostname="LAPTOP-ECF10TJE" failures="0" tests="1" name="testCases.TC_001_LoginTest" time="7.975" errors="0" timestamp="2023-02-06T18:55:46 IST" skipped="0">
  <testcase classname="testCases.TC_001_LoginTest" name="test_Login" time="7.975"/>
  <system-out/>
</testsuite> <!-- testCases.TC_001_LoginTest -->
